<?xml version="1.0" encoding="UTF-8"?>
<testng-results ignored="0" total="1" passed="1" failed="0" skipped="0">
  <reporter-output>
    <line>
      <![CDATA[stesting cx module]]>
    </line>
  </reporter-output>
  <suite started-at="2022-07-21T20:53:53 IST" name="Suite" finished-at="2022-07-21T20:53:53 IST" duration-ms="55">
    <groups>
    </groups>
    <test started-at="2022-07-21T20:53:53 IST" name="Test" finished-at="2022-07-21T20:53:53 IST" duration-ms="55">
      <class name="com.actitime.testscript.Customer">
        <test-method signature="testCustomer()[pri:0, instance:com.actitime.testscript.Customer@31c88ec8]" started-at="2022-07-21T20:53:53 IST" name="testCustomer" finished-at="2022-07-21T20:53:53 IST" duration-ms="8" status="PASS">
          <reporter-output>
            <line>
              <![CDATA[stesting cx module]]>
            </line>
          </reporter-output>
        </test-method> <!-- testCustomer -->
      </class> <!-- com.actitime.testscript.Customer -->
    </test> <!-- Test -->
  </suite> <!-- Suite -->
</testng-results>
